d:\localworkdir\2201871\bolt-engine---cmp316-game-engine-development-project\bin-int\debug-x64\bolt engine\vc143.pdb
d:\localworkdir\2201871\bolt-engine---cmp316-game-engine-development-project\bin-int\debug-x64\bolt engine\vc143.idb
d:\localworkdir\2201871\bolt-engine---cmp316-game-engine-development-project\bin-int\debug-x64\bolt engine\rendersystem.obj
d:\localworkdir\2201871\bolt-engine---cmp316-game-engine-development-project\bin-int\debug-x64\bolt engine\transform.obj
d:\localworkdir\2201871\bolt-engine---cmp316-game-engine-development-project\bin-int\debug-x64\bolt engine\stackallocator.obj
d:\localworkdir\2201871\bolt-engine---cmp316-game-engine-development-project\bin-int\debug-x64\bolt engine\resourcemanager.obj
d:\localworkdir\2201871\bolt-engine---cmp316-game-engine-development-project\bin-int\debug-x64\bolt engine\gameobject.obj
d:\localworkdir\2201871\bolt-engine---cmp316-game-engine-development-project\bin-int\debug-x64\bolt engine\components.obj
d:\localworkdir\2201871\bolt-engine---cmp316-game-engine-development-project\bin-int\debug-x64\bolt engine\application.obj
d:\localworkdir\2201871\bolt-engine---cmp316-game-engine-development-project\bin\debug-x64\bolt engine\bolt engine.dll
d:\localworkdir\2201871\bolt-engine---cmp316-game-engine-development-project\bin\debug-x64\bolt engine\bolt engine.pdb
d:\localworkdir\2201871\bolt-engine---cmp316-game-engine-development-project\bin\debug-x64\bolt engine\bolt engine.lib
d:\localworkdir\2201871\bolt-engine---cmp316-game-engine-development-project\bin\debug-x64\bolt engine\bolt engine.exp
d:\localworkdir\2201871\bolt-engine---cmp316-game-engine-development-project\bin-int\debug-x64\bolt engine\bolt engine.ilk
d:\localworkdir\2201871\bolt-engine---cmp316-game-engine-development-project\bin-int\debug-x64\bolt engine\bolt engine.vcxproj.filelistabsolute.txt
d:\localworkdir\2201871\bolt-engine---cmp316-game-engine-development-project\bin-int\debug-x64\bolt engine\bolt engine.tlog\cl.command.1.tlog
d:\localworkdir\2201871\bolt-engine---cmp316-game-engine-development-project\bin-int\debug-x64\bolt engine\bolt engine.tlog\cl.items.tlog
d:\localworkdir\2201871\bolt-engine---cmp316-game-engine-development-project\bin-int\debug-x64\bolt engine\bolt engine.tlog\cl.read.1.tlog
d:\localworkdir\2201871\bolt-engine---cmp316-game-engine-development-project\bin-int\debug-x64\bolt engine\bolt engine.tlog\cl.write.1.tlog
d:\localworkdir\2201871\bolt-engine---cmp316-game-engine-development-project\bin-int\debug-x64\bolt engine\bolt engine.tlog\link.command.1.tlog
d:\localworkdir\2201871\bolt-engine---cmp316-game-engine-development-project\bin-int\debug-x64\bolt engine\bolt engine.tlog\link.read.1.tlog
d:\localworkdir\2201871\bolt-engine---cmp316-game-engine-development-project\bin-int\debug-x64\bolt engine\bolt engine.tlog\link.secondary.1.tlog
d:\localworkdir\2201871\bolt-engine---cmp316-game-engine-development-project\bin-int\debug-x64\bolt engine\bolt engine.tlog\link.write.1.tlog
